<?xml version="1.0" encoding="UTF-8"?>
<testsuite name="br.com.fiap.hackaton.HackatonApplicationTests" tests="1" skipped="0" failures="0" errors="0" timestamp="2023-04-01T17:56:41" hostname="DESKTOP-70K9PIM" time="0.708">
  <properties/>
  <testcase name="contextLoads()" classname="br.com.fiap.hackaton.HackatonApplicationTests" time="0.708"/>
  <system-out><![CDATA[14:56:15.103 [Test worker] DEBUG org.springframework.boot.test.context.SpringBootTestContextBootstrapper - Neither @ContextConfiguration nor @ContextHierarchy found for test class [HackatonApplicationTests]: using SpringBootContextLoader
14:56:15.127 [Test worker] DEBUG org.springframework.test.context.support.AbstractContextLoader - Could not detect default resource locations for test class [br.com.fiap.hackaton.HackatonApplicationTests]: no resource found for suffixes {-context.xml, Context.groovy}.
14:56:15.131 [Test worker] INFO org.springframework.test.context.support.AnnotationConfigContextLoaderUtils - Could not detect default configuration classes for test class [br.com.fiap.hackaton.HackatonApplicationTests]: HackatonApplicationTests does not declare any static, non-private, non-final, nested classes annotated with @Configuration.
14:56:15.302 [Test worker] DEBUG org.springframework.boot.test.context.SpringBootTestContextBootstrapper - Using ContextCustomizers for test class [HackatonApplicationTests]: [DisableObservabilityContextCustomizer, PropertyMappingContextCustomizer, Customizer, ExcludeFilterContextCustomizer, DuplicateJsonObjectContextCustomizer, MockitoContextCustomizer, TestRestTemplateContextCustomizer]
14:56:15.773 [Test worker] DEBUG org.springframework.context.annotation.ClassPathScanningCandidateComponentProvider - Identified candidate component class: file [C:\Users\bru2_\workspace\-hackaton_envio_grupor\build\classes\java\main\br\com\fiap\hackaton\HackatonApplication.class]
14:56:15.777 [Test worker] INFO org.springframework.boot.test.context.SpringBootTestContextBootstrapper - Found @SpringBootConfiguration br.com.fiap.hackaton.HackatonApplication for test class br.com.fiap.hackaton.HackatonApplicationTests
14:56:16.222 [Test worker] DEBUG org.springframework.boot.test.context.SpringBootTestContextBootstrapper - Using TestExecutionListeners for test class [HackatonApplicationTests]: [ServletTestExecutionListener, DirtiesContextBeforeModesTestExecutionListener, ApplicationEventsTestExecutionListener, MockitoTestExecutionListener, DependencyInjectionTestExecutionListener, DirtiesContextTestExecutionListener, TransactionalTestExecutionListener, SqlScriptsTestExecutionListener, EventPublishingTestExecutionListener, RestDocsTestExecutionListener, MockRestServiceServerResetTestExecutionListener, MockMvcPrintOnlyOnFailureTestExecutionListener, WebDriverTestExecutionListener, MockWebServiceServerTestExecutionListener, ResetMocksTestExecutionListener]
14:56:16.226 [Test worker] DEBUG org.springframework.test.context.support.AbstractDirtiesContextTestExecutionListener - Before test class: class [HackatonApplicationTests], class annotated with @DirtiesContext [false] with mode [null]

  .   ____          _            __ _ _
 /\\ / ___'_ __ _ _(_)_ __  __ _ \ \ \ \
( ( )\___ | '_ | '_| | '_ \/ _` | \ \ \ \
 \\/  ___)| |_)| | | | | || (_| |  ) ) ) )
  '  |____| .__|_| |_|_| |_\__, | / / / /
 =========|_|==============|___/=/_/_/_/
 :: Spring Boot ::                (v3.0.2)

2023-04-01T14:56:19.843-03:00  INFO 20428 --- [    Test worker] b.c.f.hackaton.HackatonApplicationTests  : Starting HackatonApplicationTests using Java 17.0.6 with PID 20428 (started by bru2_ in C:\Users\bru2_\workspace\-hackaton_envio_grupor)
2023-04-01T14:56:19.848-03:00  INFO 20428 --- [    Test worker] b.c.f.hackaton.HackatonApplicationTests  : No active profile set, falling back to 1 default profile: "default"
2023-04-01T14:56:25.162-03:00  INFO 20428 --- [    Test worker] .s.d.r.c.RepositoryConfigurationDelegate : Bootstrapping Spring Data JPA repositories in DEFAULT mode.
2023-04-01T14:56:25.635-03:00  INFO 20428 --- [    Test worker] .s.d.r.c.RepositoryConfigurationDelegate : Finished Spring Data repository scanning in 302 ms. Found 1 JPA repository interfaces.
2023-04-01T14:56:29.237-03:00  INFO 20428 --- [    Test worker] o.f.c.internal.license.VersionPrinter    : Flyway Community Edition 9.5.1 by Redgate
2023-04-01T14:56:29.238-03:00  INFO 20428 --- [    Test worker] o.f.c.internal.license.VersionPrinter    : See what's new here: https://flywaydb.org/documentation/learnmore/releaseNotes#9.5.1
2023-04-01T14:56:29.238-03:00  INFO 20428 --- [    Test worker] o.f.c.internal.license.VersionPrinter    : 
2023-04-01T14:56:29.262-03:00  INFO 20428 --- [    Test worker] com.zaxxer.hikari.HikariDataSource       : HikariPool-1 - Starting...
2023-04-01T14:56:30.818-03:00  INFO 20428 --- [    Test worker] com.zaxxer.hikari.pool.HikariPool        : HikariPool-1 - Added connection com.mysql.cj.jdbc.ConnectionImpl@6cdee57
2023-04-01T14:56:30.826-03:00  INFO 20428 --- [    Test worker] com.zaxxer.hikari.HikariDataSource       : HikariPool-1 - Start completed.
2023-04-01T14:56:30.923-03:00  INFO 20428 --- [    Test worker] o.f.c.i.database.base.BaseDatabaseType   : Database: jdbc:mysql://localhost:3306/hackaton (MySQL 8.0)
2023-04-01T14:56:31.761-03:00  INFO 20428 --- [    Test worker] o.f.core.internal.command.DbValidate     : Successfully validated 1 migration (execution time 00:00.156s)
2023-04-01T14:56:31.865-03:00  INFO 20428 --- [    Test worker] o.f.core.internal.command.DbMigrate      : Current version of schema `hackaton`: 1
2023-04-01T14:56:31.870-03:00  INFO 20428 --- [    Test worker] o.f.core.internal.command.DbMigrate      : Schema `hackaton` is up to date. No migration necessary.
2023-04-01T14:56:32.319-03:00  INFO 20428 --- [    Test worker] o.hibernate.jpa.internal.util.LogHelper  : HHH000204: Processing PersistenceUnitInfo [name: default]
2023-04-01T14:56:32.601-03:00  INFO 20428 --- [    Test worker] org.hibernate.Version                    : HHH000412: Hibernate ORM core version 6.1.6.Final
2023-04-01T14:56:33.652-03:00  WARN 20428 --- [    Test worker] org.hibernate.orm.deprecation            : HHH90000021: Encountered deprecated setting [javax.persistence.sharedCache.mode], use [jakarta.persistence.sharedCache.mode] instead
2023-04-01T14:56:35.573-03:00  INFO 20428 --- [    Test worker] SQL dialect                              : HHH000400: Using dialect: org.hibernate.dialect.MySQLDialect
2023-04-01T14:56:38.126-03:00  INFO 20428 --- [    Test worker] o.h.e.t.j.p.i.JtaPlatformInitiator       : HHH000490: Using JtaPlatform implementation: [org.hibernate.engine.transaction.jta.platform.internal.NoJtaPlatform]
2023-04-01T14:56:38.158-03:00  INFO 20428 --- [    Test worker] j.LocalContainerEntityManagerFactoryBean : Initialized JPA EntityManagerFactory for persistence unit 'default'
2023-04-01T14:56:39.258-03:00  WARN 20428 --- [    Test worker] JpaBaseConfiguration$JpaWebConfiguration : spring.jpa.open-in-view is enabled by default. Therefore, database queries may be performed during view rendering. Explicitly configure spring.jpa.open-in-view to disable this warning
2023-04-01T14:56:41.003-03:00  INFO 20428 --- [    Test worker] b.c.f.hackaton.HackatonApplicationTests  : Started HackatonApplicationTests in 24.549 seconds (process running for 28.383)
]]></system-out>
  <system-err><![CDATA[]]></system-err>
</testsuite>
